  Parsing headers for ToonTanksEditor
    Running UnrealHeaderTool "C:\Users\gabbo\Escercizio_Unreal\Esercizio_Unreal_Tanks\Esercizio_Unreal_Tanks\ToonTanks\ToonTanks.uproject" "C:\Users\gabbo\Escercizio_Unreal\Esercizio_Unreal_Tanks\Esercizio_Unreal_Tanks\ToonTanks\Intermediate\Build\Win64\ToonTanksEditor\Development\ToonTanksEditor.uhtmanifest" -LogCmds="loginit warning, logexit warning, logdatabase error" -Unattended -WarningsAsErrors -abslog="C:\Users\gabbo\AppData\Local\UnrealBuildTool\Log_UHT.txt" -installed
  Reflection code generated for ToonTanksEditor in 5,2556176 seconds
  Building ToonTanksEditor...
  Using Visual Studio 2019 14.25.28610 toolchain (C:\Program Files (x86)\Microsoft Visual Studio\2019\Community\VC\Tools\MSVC\14.25.28610) and Windows 10.0.19041.0 SDK (C:\Program Files (x86)\Windows Kits\10).
  Building 9 actions with 12 processes...
    [1/9] PawnBase.cpp
C:\Users\gabbo\Escercizio_Unreal\Esercizio_Unreal_Tanks\Esercizio_Unreal_Tanks\ToonTanks\Source\ToonTanks\PawnBase.cpp(13): warning C4996: 'UObject::CreateAbstractDefaultSubobject': CreateAbstract did not work as intended and has been deprecated in favor of CreateDefaultObject Please update your code to the new API before upgrading to the next release, otherwise your project will no longer compile.
C:\Users\gabbo\Escercizio_Unreal\Esercizio_Unreal_Tanks\Esercizio_Unreal_Tanks\ToonTanks\Source\ToonTanks\PawnBase.cpp(16): warning C4996: 'UObject::CreateAbstractDefaultSubobject': CreateAbstract did not work as intended and has been deprecated in favor of CreateDefaultObject Please update your code to the new API before upgrading to the next release, otherwise your project will no longer compile.
C:\Users\gabbo\Escercizio_Unreal\Esercizio_Unreal_Tanks\Esercizio_Unreal_Tanks\ToonTanks\Source\ToonTanks\PawnBase.cpp(19): warning C4996: 'UObject::CreateAbstractDefaultSubobject': CreateAbstract did not work as intended and has been deprecated in favor of CreateDefaultObject Please update your code to the new API before upgrading to the next release, otherwise your project will no longer compile.
C:\Users\gabbo\Escercizio_Unreal\Esercizio_Unreal_Tanks\Esercizio_Unreal_Tanks\ToonTanks\Source\ToonTanks\PawnBase.cpp(22): warning C4996: 'UObject::CreateAbstractDefaultSubobject': CreateAbstract did not work as intended and has been deprecated in favor of CreateDefaultObject Please update your code to the new API before upgrading to the next release, otherwise your project will no longer compile.
    [2/9] PawnTank.gen.cpp
    [3/9] PawnBase.gen.cpp
    [4/9] PawnTurret.gen.cpp
    [5/9] PawnTank.cpp
    [6/9] PawnTurret.cpp
    [7/9] UE4Editor-ToonTanks-0016.lib
       Creazione della libreria C:\Users\gabbo\Escercizio_Unreal\Esercizio_Unreal_Tanks\Esercizio_Unreal_Tanks\ToonTanks\Intermediate\Build\Win64\UE4Editor\Development\ToonTanks\UE4Editor-ToonTanks-0016.lib e dell'oggetto C:\Users\gabbo\Escercizio_Unreal\Esercizio_Unreal_Tanks\Esercizio_Unreal_Tanks\ToonTanks\Intermediate\Build\Win64\UE4Editor\Development\ToonTanks\UE4Editor-ToonTanks-0016.exp
    [8/9] UE4Editor-ToonTanks-0016.dll
       Creazione della libreria C:\Users\gabbo\Escercizio_Unreal\Esercizio_Unreal_Tanks\Esercizio_Unreal_Tanks\ToonTanks\Intermediate\Build\Win64\UE4Editor\Development\ToonTanks\UE4Editor-ToonTanks-0016.suppressed.lib e dell'oggetto C:\Users\gabbo\Escercizio_Unreal\Esercizio_Unreal_Tanks\Esercizio_Unreal_Tanks\ToonTanks\Intermediate\Build\Win64\UE4Editor\Development\ToonTanks\UE4Editor-ToonTanks-0016.suppressed.exp
    [9/9] ToonTanksEditor.target
  Total time in Parallel executor: 2,35 seconds
  Total execution time: 8,35 seconds
